[debug] [2024-01-26T14:40:59.905Z] ----------------------------------------------------------------------
[debug] [2024-01-26T14:40:59.912Z] Command:       C:\Program Files\nodejs\node.exe C:\Users\SHAH ALAM\AppData\Roaming\npm\node_modules\firebase-tools\lib\bin\firebase.js init
[debug] [2024-01-26T14:40:59.913Z] CLI Version:   12.8.1
[debug] [2024-01-26T14:40:59.913Z] Platform:      win32
[debug] [2024-01-26T14:40:59.913Z] Node Version:  v20.9.0
[debug] [2024-01-26T14:40:59.913Z] Time:          Fri Jan 26 2024 20:40:59 GMT+0600 (Bangladesh Standard Time)
[debug] [2024-01-26T14:40:59.914Z] ----------------------------------------------------------------------
[debug] 
[debug] [2024-01-26T14:40:59.921Z] >>> [apiv2][query] GET https://firebase-public.firebaseio.com/cli.json [none]
[debug] [2024-01-26T14:41:00.076Z] > command requires scopes: ["email","openid","https://www.googleapis.com/auth/cloudplatformprojects.readonly","https://www.googleapis.com/auth/firebase","https://www.googleapis.com/auth/cloud-platform"]
[debug] [2024-01-26T14:41:00.077Z] > authorizing via signed-in user (shahalam01660166344@gmail.com)
[info] 
     ######## #### ########  ######## ########     ###     ######  ########
     ##        ##  ##     ## ##       ##     ##  ##   ##  ##       ##
     ######    ##  ########  ######   ########  #########  ######  ######
     ##        ##  ##    ##  ##       ##     ## ##     ##       ## ##
     ##       #### ##     ## ######## ########  ##     ##  ######  ########

You're about to initialize a Firebase project in this directory:

  C:\Projects\quickShip

Before we get started, keep in mind:

  * You are currently outside your home directory

[debug] [2024-01-26T14:41:00.824Z] <<< [apiv2][status] GET https://firebase-public.firebaseio.com/cli.json 200
[debug] [2024-01-26T14:41:00.825Z] <<< [apiv2][body] GET https://firebase-public.firebaseio.com/cli.json {"cloudBuildErrorAfter":1594252800000,"cloudBuildWarnAfter":1590019200000,"defaultNode10After":1594252800000,"minVersion":"3.0.5","node8DeploysDisabledAfter":1613390400000,"node8RuntimeDisabledAfter":1615809600000,"node8WarnAfter":1600128000000}
[info] 
=== Project Setup
[info] 
[info] First, let's associate this project directory with a Firebase project.
[info] You can create multiple project aliases by running firebase use --add, 
[info] but for now we'll just set up a default project.
[info] 
[debug] [2024-01-26T14:41:46.905Z] > refreshing access token with scopes: []
[debug] [2024-01-26T14:41:46.907Z] >>> [apiv2][query] POST https://www.googleapis.com/oauth2/v3/token [none]
[debug] [2024-01-26T14:41:46.908Z] >>> [apiv2][body] POST https://www.googleapis.com/oauth2/v3/token [omitted]
[debug] [2024-01-26T14:41:47.216Z] <<< [apiv2][status] POST https://www.googleapis.com/oauth2/v3/token 200
[debug] [2024-01-26T14:41:47.216Z] <<< [apiv2][body] POST https://www.googleapis.com/oauth2/v3/token [omitted]
[debug] [2024-01-26T14:41:47.228Z] >>> [apiv2][query] GET https://firebase.googleapis.com/v1beta1/projects pageSize=100
[debug] [2024-01-26T14:41:47.994Z] <<< [apiv2][status] GET https://firebase.googleapis.com/v1beta1/projects 200
[debug] [2024-01-26T14:41:47.994Z] <<< [apiv2][body] GET https://firebase.googleapis.com/v1beta1/projects [omitted]
